2022-12-04 00:32:30.149  INFO [admin,,,] 2220 --- [restartedMain] b.c.PropertySourceBootstrapConfiguration : Located property source: CompositePropertySource {name='NACOS', propertySources=[NacosPropertySource {name='admin.yml'}]}
2022-12-04 00:32:30.197  INFO [admin,,,] 2220 --- [restartedMain] com.springboot.cloud.AdminApplication    : No active profile set, falling back to default profiles: default
2022-12-04 00:32:30.989  WARN [admin,,,] 2220 --- [restartedMain] o.s.boot.actuate.endpoint.EndpointId     : Endpoint ID 'nacos-config' contains invalid characters, please migrate to a valid format.
2022-12-04 00:32:31.112  WARN [admin,,,] 2220 --- [restartedMain] o.s.boot.actuate.endpoint.EndpointId     : Endpoint ID 'bus-env' contains invalid characters, please migrate to a valid format.
2022-12-04 00:32:31.116  WARN [admin,,,] 2220 --- [restartedMain] o.s.boot.actuate.endpoint.EndpointId     : Endpoint ID 'bus-refresh' contains invalid characters, please migrate to a valid format.
2022-12-04 00:32:31.866  INFO [admin,,,] 2220 --- [restartedMain] o.s.cloud.context.scope.GenericScope     : BeanFactory id=718ee8ae-714c-3d4f-9ffb-c4822d9861d2
2022-12-04 00:32:31.884  INFO [admin,,,] 2220 --- [restartedMain] faultConfiguringBeanFactoryPostProcessor : No bean named 'errorChannel' has been explicitly defined. Therefore, a default PublishSubscribeChannel will be created.
2022-12-04 00:32:31.889  INFO [admin,,,] 2220 --- [restartedMain] faultConfiguringBeanFactoryPostProcessor : No bean named 'taskScheduler' has been explicitly defined. Therefore, a default ThreadPoolTaskScheduler will be created.
2022-12-04 00:32:31.894  INFO [admin,,,] 2220 --- [restartedMain] faultConfiguringBeanFactoryPostProcessor : No bean named 'integrationHeaderChannelRegistry' has been explicitly defined. Therefore, a default DefaultHeaderChannelRegistry will be created.
2022-12-04 00:32:32.253  INFO [admin,,,] 2220 --- [restartedMain] trationDelegate$BeanPostProcessorChecker : Bean 'org.springframework.cloud.stream.config.BindersHealthIndicatorAutoConfiguration' of type [org.springframework.cloud.stream.config.BindersHealthIndicatorAutoConfiguration$$EnhancerBySpringCGLIB$$3851f782] is not eligible for getting processed by all BeanPostProcessors (for example: not eligible for auto-proxying)
2022-12-04 00:32:32.270  INFO [admin,,,] 2220 --- [restartedMain] trationDelegate$BeanPostProcessorChecker : Bean 'bindersHealthIndicator' of type [org.springframework.boot.actuate.health.CompositeHealthIndicator] is not eligible for getting processed by all BeanPostProcessors (for example: not eligible for auto-proxying)
2022-12-04 00:32:32.279  INFO [admin,,,] 2220 --- [restartedMain] trationDelegate$BeanPostProcessorChecker : Bean 'bindersHealthIndicatorListener' of type [org.springframework.cloud.stream.config.BindersHealthIndicatorAutoConfiguration$BindersHealthIndicatorListener] is not eligible for getting processed by all BeanPostProcessors (for example: not eligible for auto-proxying)
2022-12-04 00:32:32.304  INFO [admin,,,] 2220 --- [restartedMain] trationDelegate$BeanPostProcessorChecker : Bean 'org.springframework.cloud.stream.binder.rabbit.config.ExtendedBindingHandlerMappingsProviderConfiguration' of type [org.springframework.cloud.stream.binder.rabbit.config.ExtendedBindingHandlerMappingsProviderConfiguration$$EnhancerBySpringCGLIB$$ea5747f7] is not eligible for getting processed by all BeanPostProcessors (for example: not eligible for auto-proxying)
2022-12-04 00:32:32.313  INFO [admin,,,] 2220 --- [restartedMain] trationDelegate$BeanPostProcessorChecker : Bean 'rabbitExtendedPropertiesDefaultMappingsProvider' of type [org.springframework.cloud.stream.binder.rabbit.config.ExtendedBindingHandlerMappingsProviderConfiguration$$Lambda$262/1339173672] is not eligible for getting processed by all BeanPostProcessors (for example: not eligible for auto-proxying)
2022-12-04 00:32:32.362  INFO [admin,,,] 2220 --- [restartedMain] trationDelegate$BeanPostProcessorChecker : Bean 'BindingHandlerAdvise' of type [org.springframework.cloud.stream.config.BindingHandlerAdvise] is not eligible for getting processed by all BeanPostProcessors (for example: not eligible for auto-proxying)
2022-12-04 00:32:32.376  INFO [admin,,,] 2220 --- [restartedMain] trationDelegate$BeanPostProcessorChecker : Bean 'spelConverter' of type [org.springframework.cloud.stream.config.SpelExpressionConverterConfiguration$SpelConverter] is not eligible for getting processed by all BeanPostProcessors (for example: not eligible for auto-proxying)
2022-12-04 00:32:32.425  INFO [admin,,,] 2220 --- [restartedMain] trationDelegate$BeanPostProcessorChecker : Bean 'spring.cloud.sentinel-com.alibaba.cloud.sentinel.SentinelProperties' of type [com.alibaba.cloud.sentinel.SentinelProperties] is not eligible for getting processed by all BeanPostProcessors (for example: not eligible for auto-proxying)
2022-12-04 00:32:32.487  INFO [admin,,,] 2220 --- [restartedMain] trationDelegate$BeanPostProcessorChecker : Bean 'com.alibaba.cloud.sentinel.custom.SentinelAutoConfiguration' of type [com.alibaba.cloud.sentinel.custom.SentinelAutoConfiguration$$EnhancerBySpringCGLIB$$181ecbbb] is not eligible for getting processed by all BeanPostProcessors (for example: not eligible for auto-proxying)
2022-12-04 00:32:32.506  INFO [admin,,,] 2220 --- [restartedMain] trationDelegate$BeanPostProcessorChecker : Bean 'integrationDisposableAutoCreatedBeans' of type [org.springframework.integration.config.annotation.Disposables] is not eligible for getting processed by all BeanPostProcessors (for example: not eligible for auto-proxying)
2022-12-04 00:32:32.545  INFO [admin,,,] 2220 --- [restartedMain] trationDelegate$BeanPostProcessorChecker : Bean 'org.springframework.integration.config.IntegrationManagementConfiguration' of type [org.springframework.integration.config.IntegrationManagementConfiguration$$EnhancerBySpringCGLIB$$5f69190d] is not eligible for getting processed by all BeanPostProcessors (for example: not eligible for auto-proxying)
2022-12-04 00:32:32.563  INFO [admin,,,] 2220 --- [restartedMain] trationDelegate$BeanPostProcessorChecker : Bean 'org.springframework.boot.autoconfigure.integration.IntegrationAutoConfiguration$IntegrationJmxConfiguration' of type [org.springframework.boot.autoconfigure.integration.IntegrationAutoConfiguration$IntegrationJmxConfiguration$$EnhancerBySpringCGLIB$$3afb242d] is not eligible for getting processed by all BeanPostProcessors (for example: not eligible for auto-proxying)
2022-12-04 00:32:32.575  INFO [admin,,,] 2220 --- [restartedMain] trationDelegate$BeanPostProcessorChecker : Bean 'org.springframework.boot.autoconfigure.jmx.JmxAutoConfiguration' of type [org.springframework.boot.autoconfigure.jmx.JmxAutoConfiguration$$EnhancerBySpringCGLIB$$73e2ccfa] is not eligible for getting processed by all BeanPostProcessors (for example: not eligible for auto-proxying)
2022-12-04 00:32:32.583  INFO [admin,,,] 2220 --- [restartedMain] trationDelegate$BeanPostProcessorChecker : Bean 'mbeanServer' of type [com.sun.jmx.mbeanserver.JmxMBeanServer] is not eligible for getting processed by all BeanPostProcessors (for example: not eligible for auto-proxying)
2022-12-04 00:32:32.622  INFO [admin,,,] 2220 --- [restartedMain] trationDelegate$BeanPostProcessorChecker : Bean 'org.springframework.cloud.autoconfigure.ConfigurationPropertiesRebinderAutoConfiguration' of type [org.springframework.cloud.autoconfigure.ConfigurationPropertiesRebinderAutoConfiguration$$EnhancerBySpringCGLIB$$109160db] is not eligible for getting processed by all BeanPostProcessors (for example: not eligible for auto-proxying)
2022-12-04 00:32:32.630  INFO [admin,,,] 2220 --- [restartedMain] trationDelegate$BeanPostProcessorChecker : Bean 'org.springframework.cloud.sleuth.instrument.web.client.TraceWebClientAutoConfiguration$NettyConfiguration' of type [org.springframework.cloud.sleuth.instrument.web.client.TraceWebClientAutoConfiguration$NettyConfiguration$$EnhancerBySpringCGLIB$$f30d8861] is not eligible for getting processed by all BeanPostProcessors (for example: not eligible for auto-proxying)
2022-12-04 00:32:33.805  INFO [admin,,,] 2220 --- [restartedMain] o.s.b.w.embedded.tomcat.TomcatWebServer  : Tomcat initialized with port(s): 8022 (http)
2022-12-04 00:32:33.825  INFO [admin,,,] 2220 --- [restartedMain] o.apache.catalina.core.StandardService   : Starting service [Tomcat]
2022-12-04 00:32:33.825  INFO [admin,,,] 2220 --- [restartedMain] org.apache.catalina.core.StandardEngine  : Starting Servlet engine: [Apache Tomcat/9.0.27]
2022-12-04 00:32:33.998  INFO [admin,,,] 2220 --- [restartedMain] o.a.c.c.C.[Tomcat].[localhost].[/]       : Initializing Spring embedded WebApplicationContext
2022-12-04 00:32:33.998  INFO [admin,,,] 2220 --- [restartedMain] o.s.web.context.ContextLoader            : Root WebApplicationContext: initialization completed in 3790 ms
2022-12-04 00:32:34.034  INFO [admin,,,] 2220 --- [restartedMain] c.a.c.s.SentinelWebAutoConfiguration     : [Sentinel Starter] register Sentinel CommonFilter with urlPatterns: [/*].
2022-12-04 00:32:35.452  INFO [admin,,,] 2220 --- [restartedMain] o.s.s.c.ThreadPoolTaskScheduler          : Initializing ExecutorService 'taskScheduler'
2022-12-04 00:32:36.102  INFO [admin,,,] 2220 --- [restartedMain] o.s.s.concurrent.ThreadPoolTaskExecutor  : Initializing ExecutorService 'applicationTaskExecutor'
2022-12-04 00:32:36.333  WARN [admin,,,] 2220 --- [restartedMain] ion$DefaultTemplateResolverConfiguration : Cannot find template location: classpath:/templates/ (please add some templates or check your Thymeleaf configuration)
2022-12-04 00:32:37.761 DEBUG [admin,,,] 2220 --- [restartedMain] eGlobalAuthenticationAutowiredConfigurer : Eagerly initializing {org.springframework.boot.autoconfigure.security.servlet.WebSecurityEnablerConfiguration=org.springframework.boot.autoconfigure.security.servlet.WebSecurityEnablerConfiguration$$EnhancerBySpringCGLIB$$12068813@108b6e0d}
2022-12-04 00:32:37.890 DEBUG [admin,,,] 2220 --- [restartedMain] edFilterInvocationSecurityMetadataSource : Adding web access control expression 'permitAll', for org.springframework.boot.actuate.autoconfigure.security.servlet.EndpointRequest$EndpointRequestMatcher@5c7030fa
2022-12-04 00:32:37.892 DEBUG [admin,,,] 2220 --- [restartedMain] edFilterInvocationSecurityMetadataSource : Adding web access control expression 'authenticated', for any request
2022-12-04 00:32:37.902 DEBUG [admin,,,] 2220 --- [restartedMain] o.s.s.w.a.i.FilterSecurityInterceptor    : Validated configuration attributes
2022-12-04 00:32:37.903 DEBUG [admin,,,] 2220 --- [restartedMain] o.s.s.w.a.i.FilterSecurityInterceptor    : Validated configuration attributes
2022-12-04 00:32:37.922  INFO [admin,,,] 2220 --- [restartedMain] o.s.s.web.DefaultSecurityFilterChain     : Creating filter chain: any request, [org.springframework.security.web.context.request.async.WebAsyncManagerIntegrationFilter@42941f98, org.springframework.security.web.context.SecurityContextPersistenceFilter@7fe65f52, org.springframework.security.web.header.HeaderWriterFilter@fef7b2, org.springframework.security.web.csrf.CsrfFilter@11a42ae6, org.springframework.security.web.authentication.logout.LogoutFilter@4ba0f15a, org.springframework.security.web.authentication.UsernamePasswordAuthenticationFilter@60204deb, org.springframework.security.web.authentication.ui.DefaultLoginPageGeneratingFilter@551e79a5, org.springframework.security.web.authentication.ui.DefaultLogoutPageGeneratingFilter@4f82008c, org.springframework.security.web.authentication.www.BasicAuthenticationFilter@3641fd30, org.springframework.security.web.savedrequest.RequestCacheAwareFilter@6103bb3d, org.springframework.security.web.servletapi.SecurityContextHolderAwareRequestFilter@6098aec, org.springframework.security.web.authentication.AnonymousAuthenticationFilter@7c740447, org.springframework.security.web.session.SessionManagementFilter@41291a2f, org.springframework.security.web.access.ExceptionTranslationFilter@48759087, org.springframework.security.web.access.intercept.FilterSecurityInterceptor@61ac4ec]
2022-12-04 00:32:38.138  WARN [admin,,,] 2220 --- [restartedMain] o.s.b.d.a.OptionalLiveReloadServer       : Unable to start LiveReload server
2022-12-04 00:32:38.673  INFO [admin,,,] 2220 --- [restartedMain] o.s.b.a.e.web.EndpointLinksResolver      : Exposing 25 endpoint(s) beneath base path '/actuator'
2022-12-04 00:32:38.869  INFO [admin,,,] 2220 --- [restartedMain] o.s.c.s.m.DirectWithAttributesChannel    : Channel 'admin-1.springCloudBusInput' has 1 subscriber(s).
2022-12-04 00:32:39.002  INFO [admin,,,] 2220 --- [restartedMain] o.s.i.monitor.IntegrationMBeanExporter   : Registering MessageChannel springCloudBusInput
2022-12-04 00:32:39.056  INFO [admin,,,] 2220 --- [restartedMain] o.s.i.monitor.IntegrationMBeanExporter   : Registering MessageChannel springCloudBusOutput
2022-12-04 00:32:39.064  INFO [admin,,,] 2220 --- [restartedMain] o.s.i.monitor.IntegrationMBeanExporter   : Registering MessageChannel nullChannel
2022-12-04 00:32:39.077  INFO [admin,,,] 2220 --- [restartedMain] o.s.i.monitor.IntegrationMBeanExporter   : Registering MessageChannel errorChannel
2022-12-04 00:32:39.114  INFO [admin,,,] 2220 --- [restartedMain] o.s.i.monitor.IntegrationMBeanExporter   : Registering MessageHandler org.springframework.cloud.stream.binding.StreamListenerMessageHandler@1c74f8c8
2022-12-04 00:32:39.158  INFO [admin,,,] 2220 --- [restartedMain] o.s.i.monitor.IntegrationMBeanExporter   : Registering MessageHandler errorLogger
2022-12-04 00:32:39.207  INFO [admin,,,] 2220 --- [restartedMain] o.s.i.endpoint.EventDrivenConsumer       : Adding {logging-channel-adapter:_org.springframework.integration.errorLogger} as a subscriber to the 'errorChannel' channel
2022-12-04 00:32:39.207  INFO [admin,,,] 2220 --- [restartedMain] o.s.i.channel.PublishSubscribeChannel    : Channel 'admin-1.errorChannel' has 1 subscriber(s).
2022-12-04 00:32:39.207  INFO [admin,,,] 2220 --- [restartedMain] o.s.i.endpoint.EventDrivenConsumer       : started _org.springframework.integration.errorLogger
2022-12-04 00:32:39.461  INFO [admin,,,] 2220 --- [restartedMain] b.c.PropertySourceBootstrapConfiguration : Located property source: CompositePropertySource {name='NACOS', propertySources=[NacosPropertySource {name='admin.yml'}]}
2022-12-04 00:32:39.576  INFO [admin,,,] 2220 --- [restartedMain] c.a.n.client.config.impl.ClientWorker    : [fixed-localhost_8848] [subscribe] admin.yml+DEFAULT_GROUP
2022-12-04 00:32:39.577  INFO [admin,,,] 2220 --- [restartedMain] c.a.nacos.client.config.impl.CacheData   : [fixed-localhost_8848] [add-listener] ok, tenant=, dataId=admin.yml, group=DEFAULT_GROUP, cnt=1
2022-12-04 00:32:39.611  INFO [admin,,,] 2220 --- [restartedMain] o.s.a.r.c.CachingConnectionFactory       : Attempting to connect to: [localhost:5672]
2022-12-04 00:32:43.698  INFO [admin,,,] 2220 --- [restartedMain] o.s.c.s.m.DirectWithAttributesChannel    : Channel 'admin-1.springCloudBusOutput' has 1 subscriber(s).
2022-12-04 00:32:43.743  INFO [admin,,,] 2220 --- [restartedMain] c.s.b.r.p.RabbitExchangeQueueProvisioner : declaring queue for inbound: springCloudBus.anonymous.y4ULwrL_SJabzUq7GYfWtQ, bound to: springCloudBus
2022-12-04 00:32:43.743  INFO [admin,,,] 2220 --- [restartedMain] o.s.a.r.c.CachingConnectionFactory       : Attempting to connect to: [localhost:5672]
2022-12-04 00:32:47.812  INFO [admin,,,] 2220 --- [restartedMain] o.s.a.r.c.CachingConnectionFactory       : Attempting to connect to: [localhost:5672]
2022-12-04 00:32:51.874  INFO [admin,,,] 2220 --- [restartedMain] o.s.a.r.c.CachingConnectionFactory       : Attempting to connect to: [localhost:5672]
2022-12-04 00:32:55.951  INFO [admin,,,] 2220 --- [restartedMain] o.s.i.monitor.IntegrationMBeanExporter   : Registering MessageChannel springCloudBus.anonymous.y4ULwrL_SJabzUq7GYfWtQ.errors
2022-12-04 00:32:55.974  INFO [admin,,,] 2220 --- [restartedMain] o.s.c.stream.binder.BinderErrorChannel   : Channel 'admin-1.springCloudBus.anonymous.y4ULwrL_SJabzUq7GYfWtQ.errors' has 1 subscriber(s).
2022-12-04 00:32:55.974  INFO [admin,,,] 2220 --- [restartedMain] o.s.c.stream.binder.BinderErrorChannel   : Channel 'admin-1.springCloudBus.anonymous.y4ULwrL_SJabzUq7GYfWtQ.errors' has 2 subscriber(s).
2022-12-04 00:32:55.990  INFO [admin,,,] 2220 --- [restartedMain] o.s.a.r.c.CachingConnectionFactory       : Attempting to connect to: [localhost:5672]
2022-12-04 00:33:00.095  INFO [admin,,,] 2220 --- [restartedMain] o.s.a.r.l.SimpleMessageListenerContainer : Broker not available; cannot force queue declarations during start: java.net.ConnectException: Connection refused: connect
2022-12-04 00:33:00.104  INFO [admin,,,] 2220 --- [springCloudBus.anonymous.y4ULwrL_SJabzUq7GYfWtQ-1] o.s.a.r.c.CachingConnectionFactory       : Attempting to connect to: [localhost:5672]
2022-12-04 00:33:04.189  INFO [admin,,,] 2220 --- [restartedMain] o.s.i.a.i.AmqpInboundChannelAdapter      : started inbound.springCloudBus.anonymous.y4ULwrL_SJabzUq7GYfWtQ
2022-12-04 00:33:04.269  INFO [admin,,,] 2220 --- [restartedMain] o.s.b.w.embedded.tomcat.TomcatWebServer  : Tomcat started on port(s): 8022 (http) with context path ''
2022-12-04 00:33:04.271  INFO [admin,,,] 2220 --- [restartedMain] com.springboot.cloud.AdminApplication    : Started AdminApplication in 36.16 seconds (JVM running for 38.451)
2022-12-04 00:33:04.823  INFO [admin,,,] 2220 --- [RMI TCP Connection(5)-10.192.156.195] o.a.c.c.C.[Tomcat].[localhost].[/]       : Initializing Spring DispatcherServlet 'dispatcherServlet'
2022-12-04 00:33:04.823  INFO [admin,,,] 2220 --- [RMI TCP Connection(5)-10.192.156.195] o.s.web.servlet.DispatcherServlet        : Initializing Servlet 'dispatcherServlet'
2022-12-04 00:33:04.851  INFO [admin,,,] 2220 --- [RMI TCP Connection(4)-10.192.156.195] o.s.a.r.c.CachingConnectionFactory       : Attempting to connect to: [localhost:5672]
2022-12-04 00:33:04.856  INFO [admin,,,] 2220 --- [RMI TCP Connection(5)-10.192.156.195] o.s.web.servlet.DispatcherServlet        : Completed initialization in 33 ms
2022-12-04 00:33:08.930  WARN [admin,,,] 2220 --- [RMI TCP Connection(4)-10.192.156.195] o.s.b.a.amqp.RabbitHealthIndicator       : Rabbit health check failed

org.springframework.amqp.AmqpConnectException: java.net.ConnectException: Connection refused: connect
	at org.springframework.amqp.rabbit.support.RabbitExceptionTranslator.convertRabbitAccessException(RabbitExceptionTranslator.java:62) ~[spring-rabbit-2.1.12.RELEASE.jar:2.1.12.RELEASE]
	at org.springframework.amqp.rabbit.connection.AbstractConnectionFactory.createBareConnection(AbstractConnectionFactory.java:530) ~[spring-rabbit-2.1.12.RELEASE.jar:2.1.12.RELEASE]
	at org.springframework.amqp.rabbit.connection.CachingConnectionFactory.createConnection(CachingConnectionFactory.java:702) ~[spring-rabbit-2.1.12.RELEASE.jar:2.1.12.RELEASE]
	at org.springframework.amqp.rabbit.connection.ConnectionFactoryUtils.createConnection(ConnectionFactoryUtils.java:215) ~[spring-rabbit-2.1.12.RELEASE.jar:2.1.12.RELEASE]
	at org.springframework.amqp.rabbit.core.RabbitTemplate.doExecute(RabbitTemplate.java:2068) ~[spring-rabbit-2.1.12.RELEASE.jar:2.1.12.RELEASE]
	at org.springframework.amqp.rabbit.core.RabbitTemplate.execute(RabbitTemplate.java:2042) ~[spring-rabbit-2.1.12.RELEASE.jar:2.1.12.RELEASE]
	at org.springframework.amqp.rabbit.core.RabbitTemplate.execute(RabbitTemplate.java:2022) ~[spring-rabbit-2.1.12.RELEASE.jar:2.1.12.RELEASE]
	at org.springframework.boot.actuate.amqp.RabbitHealthIndicator.getVersion(RabbitHealthIndicator.java:49) ~[spring-boot-actuator-2.1.10.RELEASE.jar:2.1.10.RELEASE]
	at org.springframework.boot.actuate.amqp.RabbitHealthIndicator.doHealthCheck(RabbitHealthIndicator.java:44) ~[spring-boot-actuator-2.1.10.RELEASE.jar:2.1.10.RELEASE]
	at org.springframework.boot.actuate.health.AbstractHealthIndicator.health(AbstractHealthIndicator.java:82) ~[spring-boot-actuator-2.1.10.RELEASE.jar:2.1.10.RELEASE]
	at org.springframework.boot.actuate.health.CompositeHealthIndicator.health(CompositeHealthIndicator.java:95) [spring-boot-actuator-2.1.10.RELEASE.jar:2.1.10.RELEASE]
	at org.springframework.boot.actuate.health.HealthEndpoint.health(HealthEndpoint.java:50) [spring-boot-actuator-2.1.10.RELEASE.jar:2.1.10.RELEASE]
	at sun.reflect.NativeMethodAccessorImpl.invoke0(Native Method) ~[na:1.8.0_202]
	at sun.reflect.NativeMethodAccessorImpl.invoke(NativeMethodAccessorImpl.java:62) ~[na:1.8.0_202]
	at sun.reflect.DelegatingMethodAccessorImpl.invoke(DelegatingMethodAccessorImpl.java:43) ~[na:1.8.0_202]
	at java.lang.reflect.Method.invoke(Method.java:498) ~[na:1.8.0_202]
	at org.springframework.util.ReflectionUtils.invokeMethod(ReflectionUtils.java:282) [spring-core-5.1.11.RELEASE.jar:5.1.11.RELEASE]
	at org.springframework.boot.actuate.endpoint.invoke.reflect.ReflectiveOperationInvoker.invoke(ReflectiveOperationInvoker.java:76) [spring-boot-actuator-2.1.10.RELEASE.jar:2.1.10.RELEASE]
	at org.springframework.boot.actuate.endpoint.annotation.AbstractDiscoveredOperation.invoke(AbstractDiscoveredOperation.java:60) [spring-boot-actuator-2.1.10.RELEASE.jar:2.1.10.RELEASE]
	at org.springframework.boot.actuate.endpoint.jmx.EndpointMBean.invoke(EndpointMBean.java:121) [spring-boot-actuator-2.1.10.RELEASE.jar:2.1.10.RELEASE]
	at org.springframework.boot.actuate.endpoint.jmx.EndpointMBean.invoke(EndpointMBean.java:96) [spring-boot-actuator-2.1.10.RELEASE.jar:2.1.10.RELEASE]
	at com.sun.jmx.interceptor.DefaultMBeanServerInterceptor.invoke(DefaultMBeanServerInterceptor.java:819) [na:1.8.0_202]
	at com.sun.jmx.mbeanserver.JmxMBeanServer.invoke(JmxMBeanServer.java:801) [na:1.8.0_202]
	at javax.management.remote.rmi.RMIConnectionImpl.doOperation(RMIConnectionImpl.java:1468) [na:1.8.0_202]
	at javax.management.remote.rmi.RMIConnectionImpl.access$300(RMIConnectionImpl.java:76) [na:1.8.0_202]
	at javax.management.remote.rmi.RMIConnectionImpl$PrivilegedOperation.run(RMIConnectionImpl.java:1309) [na:1.8.0_202]
	at javax.management.remote.rmi.RMIConnectionImpl.doPrivilegedOperation(RMIConnectionImpl.java:1401) [na:1.8.0_202]
	at javax.management.remote.rmi.RMIConnectionImpl.invoke(RMIConnectionImpl.java:829) [na:1.8.0_202]
	at sun.reflect.GeneratedMethodAccessor133.invoke(Unknown Source) ~[na:na]
	at sun.reflect.DelegatingMethodAccessorImpl.invoke(DelegatingMethodAccessorImpl.java:43) ~[na:1.8.0_202]
	at java.lang.reflect.Method.invoke(Method.java:498) ~[na:1.8.0_202]
	at sun.rmi.server.UnicastServerRef.dispatch(UnicastServerRef.java:357) [na:1.8.0_202]
	at sun.rmi.transport.Transport$1.run(Transport.java:200) [na:1.8.0_202]
	at sun.rmi.transport.Transport$1.run(Transport.java:197) [na:1.8.0_202]
	at java.security.AccessController.doPrivileged(Native Method) [na:1.8.0_202]
	at sun.rmi.transport.Transport.serviceCall(Transport.java:196) [na:1.8.0_202]
	at sun.rmi.transport.tcp.TCPTransport.handleMessages(TCPTransport.java:573) [na:1.8.0_202]
	at sun.rmi.transport.tcp.TCPTransport$ConnectionHandler.run0(TCPTransport.java:834) [na:1.8.0_202]
	at sun.rmi.transport.tcp.TCPTransport$ConnectionHandler.lambda$run$0(TCPTransport.java:688) [na:1.8.0_202]
	at java.security.AccessController.doPrivileged(Native Method) [na:1.8.0_202]
	at sun.rmi.transport.tcp.TCPTransport$ConnectionHandler.run(TCPTransport.java:687) [na:1.8.0_202]
	at java.util.concurrent.ThreadPoolExecutor.runWorker(ThreadPoolExecutor.java:1149) ~[na:1.8.0_202]
	at java.util.concurrent.ThreadPoolExecutor$Worker.run(ThreadPoolExecutor.java:624) ~[na:1.8.0_202]
	at java.lang.Thread.run(Thread.java:748) ~[na:1.8.0_202]
Caused by: java.net.ConnectException: Connection refused: connect
	at java.net.DualStackPlainSocketImpl.waitForConnect(Native Method) ~[na:1.8.0_202]
	at java.net.DualStackPlainSocketImpl.socketConnect(DualStackPlainSocketImpl.java:85) ~[na:1.8.0_202]
	at java.net.AbstractPlainSocketImpl.doConnect(AbstractPlainSocketImpl.java:350) ~[na:1.8.0_202]
	at java.net.AbstractPlainSocketImpl.connectToAddress(AbstractPlainSocketImpl.java:206) ~[na:1.8.0_202]
	at java.net.AbstractPlainSocketImpl.connect(AbstractPlainSocketImpl.java:188) ~[na:1.8.0_202]
	at java.net.PlainSocketImpl.connect(PlainSocketImpl.java:172) ~[na:1.8.0_202]
	at java.net.SocksSocketImpl.connect(SocksSocketImpl.java:392) ~[na:1.8.0_202]
	at java.net.Socket.connect(Socket.java:589) ~[na:1.8.0_202]
	at com.rabbitmq.client.impl.SocketFrameHandlerFactory.create(SocketFrameHandlerFactory.java:60) ~[amqp-client-5.4.3.jar:5.4.3]
	at com.rabbitmq.client.ConnectionFactory.newConnection(ConnectionFactory.java:1102) ~[amqp-client-5.4.3.jar:5.4.3]
	at com.rabbitmq.client.ConnectionFactory.newConnection(ConnectionFactory.java:1054) ~[amqp-client-5.4.3.jar:5.4.3]
	at org.springframework.amqp.rabbit.connection.AbstractConnectionFactory.createBareConnection(AbstractConnectionFactory.java:484) ~[spring-rabbit-2.1.12.RELEASE.jar:2.1.12.RELEASE]
	... 42 common frames omitted

2022-12-04 00:33:08.931  INFO [admin,,,] 2220 --- [RMI TCP Connection(4)-10.192.156.195] o.s.a.r.c.CachingConnectionFactory       : Attempting to connect to: [localhost:5672]
2022-12-04 00:33:09.267  WARN [admin,,,] 2220 --- [springCloudBus.anonymous.y4ULwrL_SJabzUq7GYfWtQ-1] o.s.a.r.l.SimpleMessageListenerContainer : Consumer raised exception, processing can restart if the connection factory supports it. Exception summary: org.springframework.amqp.AmqpConnectException: java.net.ConnectException: Connection refused: connect
2022-12-04 00:33:09.270  INFO [admin,,,] 2220 --- [springCloudBus.anonymous.y4ULwrL_SJabzUq7GYfWtQ-1] o.s.a.r.l.SimpleMessageListenerContainer : Restarting Consumer@38077b79: tags=[[]], channel=null, acknowledgeMode=AUTO local queue size=0
2022-12-04 00:33:13.007  INFO [admin,,,] 2220 --- [springCloudBus.anonymous.y4ULwrL_SJabzUq7GYfWtQ-2] o.s.a.r.c.CachingConnectionFactory       : Attempting to connect to: [localhost:5672]
2022-12-04 00:33:13.011  WARN [admin,,,] 2220 --- [RMI TCP Connection(4)-10.192.156.195] o.s.b.a.amqp.RabbitHealthIndicator       : Rabbit health check failed

org.springframework.amqp.AmqpConnectException: java.net.ConnectException: Connection refused: connect
	at org.springframework.amqp.rabbit.support.RabbitExceptionTranslator.convertRabbitAccessException(RabbitExceptionTranslator.java:62) ~[spring-rabbit-2.1.12.RELEASE.jar:2.1.12.RELEASE]
	at org.springframework.amqp.rabbit.connection.AbstractConnectionFactory.createBareConnection(AbstractConnectionFactory.java:530) ~[spring-rabbit-2.1.12.RELEASE.jar:2.1.12.RELEASE]
	at org.springframework.amqp.rabbit.connection.CachingConnectionFactory.createConnection(CachingConnectionFactory.java:702) ~[spring-rabbit-2.1.12.RELEASE.jar:2.1.12.RELEASE]
	at org.springframework.amqp.rabbit.connection.ConnectionFactoryUtils.createConnection(ConnectionFactoryUtils.java:215) ~[spring-rabbit-2.1.12.RELEASE.jar:2.1.12.RELEASE]
	at org.springframework.amqp.rabbit.core.RabbitTemplate.doExecute(RabbitTemplate.java:2068) ~[spring-rabbit-2.1.12.RELEASE.jar:2.1.12.RELEASE]
	at org.springframework.amqp.rabbit.core.RabbitTemplate.execute(RabbitTemplate.java:2042) ~[spring-rabbit-2.1.12.RELEASE.jar:2.1.12.RELEASE]
	at org.springframework.amqp.rabbit.core.RabbitTemplate.execute(RabbitTemplate.java:2022) ~[spring-rabbit-2.1.12.RELEASE.jar:2.1.12.RELEASE]
	at org.springframework.boot.actuate.amqp.RabbitHealthIndicator.getVersion(RabbitHealthIndicator.java:49) ~[spring-boot-actuator-2.1.10.RELEASE.jar:2.1.10.RELEASE]
	at org.springframework.boot.actuate.amqp.RabbitHealthIndicator.doHealthCheck(RabbitHealthIndicator.java:44) ~[spring-boot-actuator-2.1.10.RELEASE.jar:2.1.10.RELEASE]
	at org.springframework.boot.actuate.health.AbstractHealthIndicator.health(AbstractHealthIndicator.java:82) ~[spring-boot-actuator-2.1.10.RELEASE.jar:2.1.10.RELEASE]
	at org.springframework.boot.actuate.health.CompositeHealthIndicator.health(CompositeHealthIndicator.java:95) [spring-boot-actuator-2.1.10.RELEASE.jar:2.1.10.RELEASE]
	at org.springframework.boot.actuate.health.CompositeHealthIndicator.health(CompositeHealthIndicator.java:95) [spring-boot-actuator-2.1.10.RELEASE.jar:2.1.10.RELEASE]
	at org.springframework.boot.actuate.health.CompositeHealthIndicator.health(CompositeHealthIndicator.java:95) [spring-boot-actuator-2.1.10.RELEASE.jar:2.1.10.RELEASE]
	at org.springframework.boot.actuate.health.HealthEndpoint.health(HealthEndpoint.java:50) [spring-boot-actuator-2.1.10.RELEASE.jar:2.1.10.RELEASE]
	at sun.reflect.NativeMethodAccessorImpl.invoke0(Native Method) ~[na:1.8.0_202]
	at sun.reflect.NativeMethodAccessorImpl.invoke(NativeMethodAccessorImpl.java:62) ~[na:1.8.0_202]
	at sun.reflect.DelegatingMethodAccessorImpl.invoke(DelegatingMethodAccessorImpl.java:43) ~[na:1.8.0_202]
	at java.lang.reflect.Method.invoke(Method.java:498) ~[na:1.8.0_202]
	at org.springframework.util.ReflectionUtils.invokeMethod(ReflectionUtils.java:282) [spring-core-5.1.11.RELEASE.jar:5.1.11.RELEASE]
	at org.springframework.boot.actuate.endpoint.invoke.reflect.ReflectiveOperationInvoker.invoke(ReflectiveOperationInvoker.java:76) [spring-boot-actuator-2.1.10.RELEASE.jar:2.1.10.RELEASE]
	at org.springframework.boot.actuate.endpoint.annotation.AbstractDiscoveredOperation.invoke(AbstractDiscoveredOperation.java:60) [spring-boot-actuator-2.1.10.RELEASE.jar:2.1.10.RELEASE]
	at org.springframework.boot.actuate.endpoint.jmx.EndpointMBean.invoke(EndpointMBean.java:121) [spring-boot-actuator-2.1.10.RELEASE.jar:2.1.10.RELEASE]
	at org.springframework.boot.actuate.endpoint.jmx.EndpointMBean.invoke(EndpointMBean.java:96) [spring-boot-actuator-2.1.10.RELEASE.jar:2.1.10.RELEASE]
	at com.sun.jmx.interceptor.DefaultMBeanServerInterceptor.invoke(DefaultMBeanServerInterceptor.java:819) [na:1.8.0_202]
	at com.sun.jmx.mbeanserver.JmxMBeanServer.invoke(JmxMBeanServer.java:801) [na:1.8.0_202]
	at javax.management.remote.rmi.RMIConnectionImpl.doOperation(RMIConnectionImpl.java:1468) [na:1.8.0_202]
	at javax.management.remote.rmi.RMIConnectionImpl.access$300(RMIConnectionImpl.java:76) [na:1.8.0_202]
	at javax.management.remote.rmi.RMIConnectionImpl$PrivilegedOperation.run(RMIConnectionImpl.java:1309) [na:1.8.0_202]
	at javax.management.remote.rmi.RMIConnectionImpl.doPrivilegedOperation(RMIConnectionImpl.java:1401) [na:1.8.0_202]
	at javax.management.remote.rmi.RMIConnectionImpl.invoke(RMIConnectionImpl.java:829) [na:1.8.0_202]
	at sun.reflect.GeneratedMethodAccessor133.invoke(Unknown Source) ~[na:na]
	at sun.reflect.DelegatingMethodAccessorImpl.invoke(DelegatingMethodAccessorImpl.java:43) ~[na:1.8.0_202]
	at java.lang.reflect.Method.invoke(Method.java:498) ~[na:1.8.0_202]
	at sun.rmi.server.UnicastServerRef.dispatch(UnicastServerRef.java:357) [na:1.8.0_202]
	at sun.rmi.transport.Transport$1.run(Transport.java:200) [na:1.8.0_202]
	at sun.rmi.transport.Transport$1.run(Transport.java:197) [na:1.8.0_202]
	at java.security.AccessController.doPrivileged(Native Method) [na:1.8.0_202]
	at sun.rmi.transport.Transport.serviceCall(Transport.java:196) [na:1.8.0_202]
	at sun.rmi.transport.tcp.TCPTransport.handleMessages(TCPTransport.java:573) [na:1.8.0_202]
	at sun.rmi.transport.tcp.TCPTransport$ConnectionHandler.run0(TCPTransport.java:834) [na:1.8.0_202]
	at sun.rmi.transport.tcp.TCPTransport$ConnectionHandler.lambda$run$0(TCPTransport.java:688) [na:1.8.0_202]
	at java.security.AccessController.doPrivileged(Native Method) [na:1.8.0_202]
	at sun.rmi.transport.tcp.TCPTransport$ConnectionHandler.run(TCPTransport.java:687) [na:1.8.0_202]
	at java.util.concurrent.ThreadPoolExecutor.runWorker(ThreadPoolExecutor.java:1149) ~[na:1.8.0_202]
	at java.util.concurrent.ThreadPoolExecutor$Worker.run(ThreadPoolExecutor.java:624) ~[na:1.8.0_202]
	at java.lang.Thread.run(Thread.java:748) ~[na:1.8.0_202]
Caused by: java.net.ConnectException: Connection refused: connect
	at java.net.DualStackPlainSocketImpl.waitForConnect(Native Method) ~[na:1.8.0_202]
	at java.net.DualStackPlainSocketImpl.socketConnect(DualStackPlainSocketImpl.java:85) ~[na:1.8.0_202]
	at java.net.AbstractPlainSocketImpl.doConnect(AbstractPlainSocketImpl.java:350) ~[na:1.8.0_202]
	at java.net.AbstractPlainSocketImpl.connectToAddress(AbstractPlainSocketImpl.java:206) ~[na:1.8.0_202]
	at java.net.AbstractPlainSocketImpl.connect(AbstractPlainSocketImpl.java:188) ~[na:1.8.0_202]
	at java.net.PlainSocketImpl.connect(PlainSocketImpl.java:172) ~[na:1.8.0_202]
	at java.net.SocksSocketImpl.connect(SocksSocketImpl.java:392) ~[na:1.8.0_202]
	at java.net.Socket.connect(Socket.java:589) ~[na:1.8.0_202]
	at com.rabbitmq.client.impl.SocketFrameHandlerFactory.create(SocketFrameHandlerFactory.java:60) ~[amqp-client-5.4.3.jar:5.4.3]
	at com.rabbitmq.client.ConnectionFactory.newConnection(ConnectionFactory.java:1102) ~[amqp-client-5.4.3.jar:5.4.3]
	at com.rabbitmq.client.ConnectionFactory.newConnection(ConnectionFactory.java:1054) ~[amqp-client-5.4.3.jar:5.4.3]
	at org.springframework.amqp.rabbit.connection.AbstractConnectionFactory.createBareConnection(AbstractConnectionFactory.java:484) ~[spring-rabbit-2.1.12.RELEASE.jar:2.1.12.RELEASE]
	... 44 common frames omitted

2022-12-04 00:33:22.186  WARN [admin,,,] 2220 --- [springCloudBus.anonymous.y4ULwrL_SJabzUq7GYfWtQ-2] o.s.a.r.l.SimpleMessageListenerContainer : Consumer raised exception, processing can restart if the connection factory supports it. Exception summary: org.springframework.amqp.AmqpConnectException: java.net.ConnectException: Connection refused: connect
2022-12-04 00:33:22.186  INFO [admin,,,] 2220 --- [springCloudBus.anonymous.y4ULwrL_SJabzUq7GYfWtQ-2] o.s.a.r.l.SimpleMessageListenerContainer : Restarting Consumer@6c2fd225: tags=[[]], channel=null, acknowledgeMode=AUTO local queue size=0
2022-12-04 00:33:22.188  INFO [admin,,,] 2220 --- [springCloudBus.anonymous.y4ULwrL_SJabzUq7GYfWtQ-3] o.s.a.r.c.CachingConnectionFactory       : Attempting to connect to: [localhost:5672]
2022-12-04 00:33:31.349  WARN [admin,,,] 2220 --- [springCloudBus.anonymous.y4ULwrL_SJabzUq7GYfWtQ-3] o.s.a.r.l.SimpleMessageListenerContainer : Consumer raised exception, processing can restart if the connection factory supports it. Exception summary: org.springframework.amqp.AmqpConnectException: java.net.ConnectException: Connection refused: connect
2022-12-04 00:33:31.349  INFO [admin,,,] 2220 --- [springCloudBus.anonymous.y4ULwrL_SJabzUq7GYfWtQ-3] o.s.a.r.l.SimpleMessageListenerContainer : Restarting Consumer@37739d37: tags=[[]], channel=null, acknowledgeMode=AUTO local queue size=0
2022-12-04 00:33:31.350  INFO [admin,,,] 2220 --- [springCloudBus.anonymous.y4ULwrL_SJabzUq7GYfWtQ-4] o.s.a.r.c.CachingConnectionFactory       : Attempting to connect to: [localhost:5672]
2022-12-04 00:33:40.504  WARN [admin,,,] 2220 --- [springCloudBus.anonymous.y4ULwrL_SJabzUq7GYfWtQ-4] o.s.a.r.l.SimpleMessageListenerContainer : Consumer raised exception, processing can restart if the connection factory supports it. Exception summary: org.springframework.amqp.AmqpConnectException: java.net.ConnectException: Connection refused: connect
2022-12-04 00:33:40.504  INFO [admin,,,] 2220 --- [springCloudBus.anonymous.y4ULwrL_SJabzUq7GYfWtQ-4] o.s.a.r.l.SimpleMessageListenerContainer : Restarting Consumer@11a07b7b: tags=[[]], channel=null, acknowledgeMode=AUTO local queue size=0
2022-12-04 00:33:40.504  INFO [admin,,,] 2220 --- [springCloudBus.anonymous.y4ULwrL_SJabzUq7GYfWtQ-5] o.s.a.r.c.CachingConnectionFactory       : Attempting to connect to: [localhost:5672]
2022-12-04 00:33:49.728  WARN [admin,,,] 2220 --- [springCloudBus.anonymous.y4ULwrL_SJabzUq7GYfWtQ-5] o.s.a.r.l.SimpleMessageListenerContainer : Consumer raised exception, processing can restart if the connection factory supports it. Exception summary: org.springframework.amqp.AmqpConnectException: java.net.ConnectException: Connection refused: connect
2022-12-04 00:33:49.728  INFO [admin,,,] 2220 --- [springCloudBus.anonymous.y4ULwrL_SJabzUq7GYfWtQ-5] o.s.a.r.l.SimpleMessageListenerContainer : Restarting Consumer@14fdc49: tags=[[]], channel=null, acknowledgeMode=AUTO local queue size=0
2022-12-04 00:33:49.728  INFO [admin,,,] 2220 --- [springCloudBus.anonymous.y4ULwrL_SJabzUq7GYfWtQ-6] o.s.a.r.c.CachingConnectionFactory       : Attempting to connect to: [localhost:5672]
2022-12-04 00:33:58.925  WARN [admin,,,] 2220 --- [springCloudBus.anonymous.y4ULwrL_SJabzUq7GYfWtQ-6] o.s.a.r.l.SimpleMessageListenerContainer : Consumer raised exception, processing can restart if the connection factory supports it. Exception summary: org.springframework.amqp.AmqpConnectException: java.net.ConnectException: Connection refused: connect
2022-12-04 00:33:58.925  INFO [admin,,,] 2220 --- [springCloudBus.anonymous.y4ULwrL_SJabzUq7GYfWtQ-6] o.s.a.r.l.SimpleMessageListenerContainer : Restarting Consumer@71537c72: tags=[[]], channel=null, acknowledgeMode=AUTO local queue size=0
2022-12-04 00:33:58.925  INFO [admin,,,] 2220 --- [springCloudBus.anonymous.y4ULwrL_SJabzUq7GYfWtQ-7] o.s.a.r.c.CachingConnectionFactory       : Attempting to connect to: [localhost:5672]
2022-12-04 00:34:08.034  WARN [admin,,,] 2220 --- [springCloudBus.anonymous.y4ULwrL_SJabzUq7GYfWtQ-7] o.s.a.r.l.SimpleMessageListenerContainer : Consumer raised exception, processing can restart if the connection factory supports it. Exception summary: org.springframework.amqp.AmqpConnectException: java.net.ConnectException: Connection refused: connect
2022-12-04 00:34:08.034  INFO [admin,,,] 2220 --- [springCloudBus.anonymous.y4ULwrL_SJabzUq7GYfWtQ-7] o.s.a.r.l.SimpleMessageListenerContainer : Restarting Consumer@76b97f28: tags=[[]], channel=null, acknowledgeMode=AUTO local queue size=0
2022-12-04 00:34:08.034  INFO [admin,,,] 2220 --- [springCloudBus.anonymous.y4ULwrL_SJabzUq7GYfWtQ-8] o.s.a.r.c.CachingConnectionFactory       : Attempting to connect to: [localhost:5672]
2022-12-04 00:34:17.156  WARN [admin,,,] 2220 --- [springCloudBus.anonymous.y4ULwrL_SJabzUq7GYfWtQ-8] o.s.a.r.l.SimpleMessageListenerContainer : Consumer raised exception, processing can restart if the connection factory supports it. Exception summary: org.springframework.amqp.AmqpConnectException: java.net.ConnectException: Connection refused: connect
2022-12-04 00:34:17.156  INFO [admin,,,] 2220 --- [springCloudBus.anonymous.y4ULwrL_SJabzUq7GYfWtQ-8] o.s.a.r.l.SimpleMessageListenerContainer : Restarting Consumer@1f14dfec: tags=[[]], channel=null, acknowledgeMode=AUTO local queue size=0
2022-12-04 00:34:17.156  INFO [admin,,,] 2220 --- [springCloudBus.anonymous.y4ULwrL_SJabzUq7GYfWtQ-9] o.s.a.r.c.CachingConnectionFactory       : Attempting to connect to: [localhost:5672]
2022-12-04 00:34:26.306  WARN [admin,,,] 2220 --- [springCloudBus.anonymous.y4ULwrL_SJabzUq7GYfWtQ-9] o.s.a.r.l.SimpleMessageListenerContainer : Consumer raised exception, processing can restart if the connection factory supports it. Exception summary: org.springframework.amqp.AmqpConnectException: java.net.ConnectException: Connection refused: connect
2022-12-04 00:34:26.306  INFO [admin,,,] 2220 --- [springCloudBus.anonymous.y4ULwrL_SJabzUq7GYfWtQ-9] o.s.a.r.l.SimpleMessageListenerContainer : Restarting Consumer@56e31004: tags=[[]], channel=null, acknowledgeMode=AUTO local queue size=0
2022-12-04 00:34:26.306  INFO [admin,,,] 2220 --- [springCloudBus.anonymous.y4ULwrL_SJabzUq7GYfWtQ-10] o.s.a.r.c.CachingConnectionFactory       : Attempting to connect to: [localhost:5672]
2022-12-04 00:34:34.728  INFO [admin,,,] 2220 --- [Thread-86] o.s.a.r.l.SimpleMessageListenerContainer : Waiting for workers to finish.
2022-12-04 00:34:34.728  INFO [admin,,,] 2220 --- [Thread-86] o.s.a.r.l.SimpleMessageListenerContainer : Successfully waited for workers to finish.
2022-12-04 00:34:34.728  INFO [admin,,,] 2220 --- [Thread-86] o.s.i.a.i.AmqpInboundChannelAdapter      : stopped inbound.springCloudBus.anonymous.y4ULwrL_SJabzUq7GYfWtQ
2022-12-04 00:34:34.729  INFO [admin,,,] 2220 --- [Thread-86] o.s.c.stream.binder.BinderErrorChannel   : Channel 'admin-1.springCloudBus.anonymous.y4ULwrL_SJabzUq7GYfWtQ.errors' has 1 subscriber(s).
2022-12-04 00:34:34.729  INFO [admin,,,] 2220 --- [Thread-86] o.s.c.stream.binder.BinderErrorChannel   : Channel 'admin-1.springCloudBus.anonymous.y4ULwrL_SJabzUq7GYfWtQ.errors' has 0 subscriber(s).
2022-12-04 00:34:34.733  INFO [admin,,,] 2220 --- [Thread-86] o.s.i.endpoint.EventDrivenConsumer       : Removing {logging-channel-adapter:_org.springframework.integration.errorLogger} as a subscriber to the 'errorChannel' channel
2022-12-04 00:34:34.734  INFO [admin,,,] 2220 --- [Thread-86] o.s.i.channel.PublishSubscribeChannel    : Channel 'admin-1.errorChannel' has 0 subscriber(s).
2022-12-04 00:34:34.734  INFO [admin,,,] 2220 --- [Thread-86] o.s.i.endpoint.EventDrivenConsumer       : stopped _org.springframework.integration.errorLogger
2022-12-04 00:34:34.754  INFO [admin,,,] 2220 --- [Thread-86] o.s.s.concurrent.ThreadPoolTaskExecutor  : Shutting down ExecutorService 'applicationTaskExecutor'
2022-12-04 00:34:34.755  INFO [admin,,,] 2220 --- [Thread-86] o.s.s.c.ThreadPoolTaskScheduler          : Shutting down ExecutorService 'taskScheduler'
2022-12-04 00:34:39.378  INFO [admin,,,] 2220 --- [Thread-86] o.s.i.monitor.IntegrationMBeanExporter   : Summary on shutdown: springCloudBusInput
2022-12-04 00:34:39.379  INFO [admin,,,] 2220 --- [Thread-86] o.s.i.monitor.IntegrationMBeanExporter   : Summary on shutdown: springCloudBusOutput
2022-12-04 00:34:39.379  INFO [admin,,,] 2220 --- [Thread-86] o.s.i.monitor.IntegrationMBeanExporter   : Summary on shutdown: nullChannel
2022-12-04 00:34:39.379  INFO [admin,,,] 2220 --- [Thread-86] o.s.i.monitor.IntegrationMBeanExporter   : Summary on shutdown: errorChannel
2022-12-04 00:34:39.379  INFO [admin,,,] 2220 --- [Thread-86] o.s.i.monitor.IntegrationMBeanExporter   : Summary on shutdown: springCloudBus.anonymous.y4ULwrL_SJabzUq7GYfWtQ.errors
2022-12-04 00:34:39.379  INFO [admin,,,] 2220 --- [Thread-86] o.s.i.monitor.IntegrationMBeanExporter   : Summary on shutdown: org.springframework.cloud.stream.binding.StreamListenerMessageHandler@1c74f8c8
2022-12-04 00:34:39.379  INFO [admin,,,] 2220 --- [Thread-86] o.s.i.monitor.IntegrationMBeanExporter   : Summary on shutdown: _org.springframework.integration.errorLogger.handler
